2024-11-14 13:57:13,917 - root - INFO - Connected to MongoDB collection: animals_test
2024-11-14 13:57:23,975 - root - ERROR - Error occurred during creation: Authentication failed., full error: {'ok': 0.0, 'errmsg': 'Authentication failed.', 'code': 18, 'codeName': 'AuthenticationFailed'}
2024-11-14 13:57:33,976 - root - ERROR - Error occurred during delete operation: Authentication failed., full error: {'ok': 0.0, 'errmsg': 'Authentication failed.', 'code': 18, 'codeName': 'AuthenticationFailed'}
2024-11-14 13:57:33,980 - root - INFO - Read operation with criteria: {'name': 'Test Animal'}
2024-11-14 13:57:44,014 - root - ERROR - Error occurred during read operation: Authentication failed., full error: {'ok': 0.0, 'errmsg': 'Authentication failed.', 'code': 18, 'codeName': 'AuthenticationFailed'}
2024-11-14 13:57:54,009 - root - ERROR - Error occurred during update operation: Authentication failed., full error: {'ok': 0.0, 'errmsg': 'Authentication failed.', 'code': 18, 'codeName': 'AuthenticationFailed'}
2024-11-14 14:01:02,893 - root - INFO - Connected to MongoDB collection: animals_test
2024-11-14 14:01:02,994 - root - INFO - Data inserted with acknowledgment: True
2024-11-14 14:01:02,999 - root - INFO - Delete operation: deleted 0 documents
2024-11-14 14:01:03,001 - root - INFO - Read operation with criteria: {'name': 'Test Animal'}
2024-11-14 14:01:03,010 - root - INFO - Update operation: matched 1 documents, modified 1 documents
2024-11-14 14:07:32,469 - root - INFO - Connected to MongoDB collection: animals_test
2024-11-14 14:07:32,579 - root - INFO - Data inserted with acknowledgment: True
2024-11-14 14:07:32,597 - root - INFO - Data inserted with acknowledgment: True
2024-11-14 14:07:32,606 - root - INFO - Data inserted with acknowledgment: True
2024-11-14 14:07:32,621 - root - INFO - Data inserted with acknowledgment: True
2024-11-14 14:07:32,630 - root - INFO - Delete operation: deleted 1 documents
2024-11-14 14:07:32,646 - root - INFO - Data inserted with acknowledgment: True
2024-11-14 14:07:32,646 - root - INFO - Read operation with criteria: {'name': 'Test Animal'}
2024-11-14 14:07:32,667 - root - INFO - Data inserted with acknowledgment: True
2024-11-14 14:07:32,678 - root - INFO - Update operation: matched 1 documents, modified 1 documents
2024-11-14 14:07:44,700 - root - INFO - Connected to MongoDB collection: animals_test
2024-11-14 14:07:44,798 - root - INFO - Data inserted with acknowledgment: True
2024-11-14 14:07:44,803 - root - INFO - Data inserted with acknowledgment: True
2024-11-14 14:07:44,805 - root - INFO - Data inserted with acknowledgment: True
2024-11-14 14:07:44,811 - root - INFO - Data inserted with acknowledgment: True
2024-11-14 14:07:44,816 - root - INFO - Delete operation: deleted 1 documents
2024-11-14 14:07:44,821 - root - INFO - Data inserted with acknowledgment: True
2024-11-14 14:07:44,821 - root - INFO - Read operation with criteria: {'name': 'Test Animal'}
2024-11-14 14:07:44,828 - root - INFO - Data inserted with acknowledgment: True
2024-11-14 14:07:44,830 - root - INFO - Update operation: matched 1 documents, modified 1 documents
2024-11-14 14:29:41,961 - root - INFO - Connected to MongoDB collection: animals_test
2024-11-14 14:29:42,078 - root - INFO - Data inserted with acknowledgment: True
2024-11-14 14:29:42,083 - root - INFO - Data inserted with acknowledgment: True
2024-11-14 14:29:42,084 - root - INFO - Data inserted with acknowledgment: True
2024-11-14 14:29:42,088 - root - INFO - Data inserted with acknowledgment: True
2024-11-14 14:29:42,090 - root - INFO - Delete operation: deleted 1 documents
2024-11-14 14:29:42,094 - root - INFO - Data inserted with acknowledgment: True
2024-11-14 14:29:42,094 - root - INFO - Read operation with criteria: {'name': 'Test Animal'}
2024-11-14 14:29:42,100 - root - INFO - Data inserted with acknowledgment: True
2024-11-14 14:29:42,102 - root - INFO - Update operation: matched 1 documents, modified 1 documents
2024-11-14 14:36:44,980 - root - INFO - Connected to MongoDB collection: animals_test
2024-11-14 14:36:45,095 - root - INFO - Data inserted with acknowledgment: True
2024-11-14 14:36:45,101 - root - INFO - Data inserted with acknowledgment: True
2024-11-14 14:36:45,103 - root - INFO - Data inserted with acknowledgment: True
2024-11-14 14:36:45,107 - root - INFO - Data inserted with acknowledgment: True
2024-11-14 14:36:45,109 - root - INFO - Delete operation: deleted 1 documents
2024-11-14 14:36:45,113 - root - INFO - Data inserted with acknowledgment: True
2024-11-14 14:36:45,114 - root - INFO - Read operation with criteria: {'name': 'Test Animal'}
2024-11-14 14:36:45,120 - root - INFO - Data inserted with acknowledgment: True
2024-11-14 14:36:45,123 - root - INFO - Update operation: matched 1 documents, modified 1 documents
2024-11-14 15:59:34,929 - root - INFO - Connected to MongoDB collection: animals_test
2024-11-14 15:59:35,731 - root - INFO - Data inserted with acknowledgment: True
2024-11-14 15:59:35,907 - root - INFO - Data inserted with acknowledgment: True
2024-11-14 15:59:35,968 - root - INFO - Data inserted with acknowledgment: True
2024-11-14 15:59:36,084 - root - INFO - Data inserted with acknowledgment: True
2024-11-14 15:59:36,142 - root - INFO - Delete operation: deleted 1 documents
2024-11-14 15:59:36,265 - root - INFO - Data inserted with acknowledgment: True
2024-11-14 15:59:36,265 - root - INFO - Read operation with criteria: {'name': 'Test Animal'}
2024-11-14 15:59:36,432 - root - INFO - Data inserted with acknowledgment: True
2024-11-14 15:59:36,730 - root - INFO - Update operation: matched 1 documents, modified 1 documents
2024-11-14 16:07:13,862 - root - INFO - Connected to MongoDB collection: animals_test
2024-11-14 16:07:14,655 - root - INFO - Data inserted with acknowledgment: True
2024-11-14 16:07:14,818 - root - INFO - Data inserted with acknowledgment: True
2024-11-14 16:07:14,877 - root - INFO - Data inserted with acknowledgment: True
2024-11-14 16:07:14,992 - root - INFO - Data inserted with acknowledgment: True
2024-11-14 16:07:15,044 - root - INFO - Delete operation: deleted 1 documents
2024-11-14 16:07:15,157 - root - INFO - Data inserted with acknowledgment: True
2024-11-14 16:07:15,157 - root - INFO - Read operation with criteria: {'name': 'Test Animal'}
2024-11-14 16:07:15,329 - root - INFO - Data inserted with acknowledgment: True
2024-11-14 16:07:15,403 - root - INFO - Update operation: matched 1 documents, modified 1 documents
2024-11-14 16:07:31,635 - root - INFO - Connected to MongoDB collection: animals_test
2024-11-14 16:07:32,419 - root - INFO - Data inserted with acknowledgment: True
2024-11-14 16:07:32,593 - root - INFO - Data inserted with acknowledgment: True
2024-11-14 16:07:32,649 - root - INFO - Data inserted with acknowledgment: True
2024-11-14 16:07:32,767 - root - INFO - Data inserted with acknowledgment: True
2024-11-14 16:07:32,829 - root - INFO - Delete operation: deleted 1 documents
2024-11-14 16:07:32,942 - root - INFO - Data inserted with acknowledgment: True
2024-11-14 16:07:32,942 - root - INFO - Read operation with criteria: {'name': 'Test Animal'}
2024-11-14 16:07:33,109 - root - INFO - Data inserted with acknowledgment: True
2024-11-14 16:07:33,177 - root - INFO - Update operation: matched 1 documents, modified 1 documents
2024-11-14 16:08:00,981 - root - INFO - Connected to MongoDB collection: animals_test
2024-11-14 16:08:01,804 - root - INFO - Data inserted with acknowledgment: True
2024-11-14 16:08:01,964 - root - INFO - Data inserted with acknowledgment: True
2024-11-14 16:08:02,018 - root - INFO - Data inserted with acknowledgment: True
2024-11-14 16:08:02,137 - root - INFO - Data inserted with acknowledgment: True
2024-11-14 16:08:02,200 - root - INFO - Delete operation: deleted 1 documents
2024-11-14 16:08:02,317 - root - INFO - Data inserted with acknowledgment: True
2024-11-14 16:08:02,317 - root - INFO - Read operation with criteria: {'name': 'Test Animal'}
2024-11-14 16:08:02,490 - root - INFO - Data inserted with acknowledgment: True
2024-11-14 16:08:02,565 - root - INFO - Update operation: matched 1 documents, modified 1 documents
2024-11-14 16:08:40,756 - root - INFO - Connected to MongoDB collection: animals_test
2024-11-14 16:08:41,532 - root - INFO - Data inserted with acknowledgment: True
2024-11-14 16:08:41,699 - root - INFO - Data inserted with acknowledgment: True
2024-11-14 16:08:41,750 - root - INFO - Data inserted with acknowledgment: True
2024-11-14 16:08:41,870 - root - INFO - Data inserted with acknowledgment: True
2024-11-14 16:08:41,930 - root - INFO - Delete operation: deleted 1 documents
2024-11-14 16:08:42,042 - root - INFO - Data inserted with acknowledgment: True
2024-11-14 16:08:42,043 - root - INFO - Read operation with criteria: {'name': 'Test Animal'}
2024-11-14 16:08:42,201 - root - INFO - Data inserted with acknowledgment: True
2024-11-14 16:08:42,276 - root - INFO - Update operation: matched 1 documents, modified 1 documents
2024-11-14 16:23:44,035 - root - INFO - Connected to MongoDB collection: animals_test
2024-11-14 16:23:44,995 - root - INFO - Data inserted with acknowledgment: True
2024-11-14 16:23:45,158 - root - INFO - Data inserted with acknowledgment: True
2024-11-14 16:23:45,231 - root - INFO - Data inserted with acknowledgment: True
2024-11-14 16:23:45,343 - root - INFO - Data inserted with acknowledgment: True
2024-11-14 16:23:45,395 - root - INFO - Delete operation: deleted 1 documents
2024-11-14 16:23:45,500 - root - INFO - Data inserted with acknowledgment: True
2024-11-14 16:23:45,500 - root - INFO - Read operation with criteria: {'name': 'Test Animal'}
2024-11-14 16:23:45,648 - root - INFO - Data inserted with acknowledgment: True
2024-11-14 16:23:45,719 - root - INFO - Update operation: matched 1 documents, modified 1 documents
2024-11-14 16:44:34,934 - root - INFO - Connected to MongoDB collection: animals_test
2024-11-14 16:44:35,723 - root - INFO - Data inserted with acknowledgment: True
2024-11-14 16:44:35,888 - root - INFO - Data inserted with acknowledgment: True
2024-11-14 16:44:35,938 - root - INFO - Data inserted with acknowledgment: True
2024-11-14 16:44:36,170 - root - INFO - Data inserted with acknowledgment: True
2024-11-14 16:44:36,229 - root - INFO - Delete operation: deleted 1 documents
2024-11-14 16:44:36,330 - root - INFO - Data inserted with acknowledgment: True
2024-11-14 16:44:36,330 - root - INFO - Read operation with criteria: {'name': 'Test Animal'}
2024-11-14 16:44:36,485 - root - INFO - Data inserted with acknowledgment: True
2024-11-14 16:44:36,549 - root - INFO - Update operation: matched 1 documents, modified 1 documents
2024-11-14 18:22:59,319 - root - INFO - Connected to MongoDB collection: animals_test
2024-11-14 18:22:59,418 - root - INFO - Data inserted with acknowledgment: True
2024-11-14 18:22:59,423 - root - INFO - Data inserted with acknowledgment: True
2024-11-14 18:22:59,425 - root - INFO - Data inserted with acknowledgment: True
2024-11-14 18:22:59,429 - root - INFO - Data inserted with acknowledgment: True
2024-11-14 18:22:59,431 - root - INFO - Delete operation: deleted 1 documents
2024-11-14 18:22:59,435 - root - INFO - Data inserted with acknowledgment: True
2024-11-14 18:22:59,435 - root - INFO - Read operation with criteria: {'name': 'Test Animal'}
2024-11-14 18:22:59,440 - root - INFO - Data inserted with acknowledgment: True
2024-11-14 18:22:59,442 - root - INFO - Update operation: matched 1 documents, modified 1 documents
2024-11-16 17:30:20,386 - root - INFO - Connected to MongoDB collection: animals_test
2024-11-16 17:30:20,474 - root - INFO - Data inserted with acknowledgment: True
2024-11-16 17:30:20,479 - root - INFO - Data inserted with acknowledgment: True
2024-11-16 17:30:20,480 - root - INFO - Data inserted with acknowledgment: True
2024-11-16 17:30:20,483 - root - INFO - Data inserted with acknowledgment: True
2024-11-16 17:30:20,483 - root - ERROR - Error occurred during creation: Nothing to save, data parameter is empty
2024-11-16 17:30:20,487 - root - INFO - Data inserted with acknowledgment: True
2024-11-16 17:30:20,489 - root - INFO - Delete operation: deleted 1 documents
2024-11-16 17:30:20,492 - root - INFO - Data inserted with acknowledgment: True
2024-11-16 17:30:20,494 - root - INFO - Delete operation: deleted 1 documents
2024-11-16 17:30:20,497 - root - INFO - Data inserted with acknowledgment: True
2024-11-16 17:30:20,499 - root - INFO - Delete operation: deleted 0 documents
2024-11-16 17:30:20,503 - root - INFO - Data inserted with acknowledgment: True
2024-11-16 17:30:20,505 - root - INFO - Data inserted with acknowledgment: True
2024-11-16 17:30:20,509 - root - INFO - Data inserted with acknowledgment: True
2024-11-16 17:30:20,511 - root - INFO - Update operation: matched 1 documents, modified 1 documents
2024-11-16 17:30:20,514 - root - INFO - Data inserted with acknowledgment: True
2024-11-16 17:30:20,514 - root - INFO - Read operation with criteria: {'name': 'Test Animal'}
2024-11-16 17:30:20,520 - root - INFO - Data inserted with acknowledgment: True
2024-11-16 17:30:20,520 - root - INFO - Read operation with criteria: {'name': 'Non Existent Animal'}
2024-11-16 17:30:20,525 - root - INFO - Data inserted with acknowledgment: True
2024-11-16 17:30:20,526 - root - INFO - Read operation with criteria: {'name': 'test animal'}
2024-11-16 17:30:20,532 - root - INFO - Data inserted with acknowledgment: True
2024-11-16 17:30:20,534 - root - INFO - Update operation: matched 1 documents, modified 1 documents
2024-11-16 17:30:20,538 - root - INFO - Data inserted with acknowledgment: True
2024-11-16 17:30:20,540 - root - INFO - Update operation: matched 0 documents, modified 0 documents
2024-11-16 17:32:10,570 - root - INFO - Connected to MongoDB collection: animals_test
2024-11-16 17:32:10,664 - root - INFO - Data inserted with acknowledgment: True
2024-11-16 17:32:10,669 - root - INFO - Data inserted with acknowledgment: True
2024-11-16 17:32:10,671 - root - INFO - Data inserted with acknowledgment: True
2024-11-16 17:32:10,675 - root - INFO - Data inserted with acknowledgment: True
2024-11-16 17:32:10,675 - root - ERROR - Error occurred during creation: Nothing to save, data parameter is empty
2024-11-16 17:32:10,679 - root - INFO - Data inserted with acknowledgment: True
2024-11-16 17:32:10,684 - root - INFO - Data inserted with acknowledgment: True
2024-11-16 17:32:10,689 - root - INFO - Data inserted with acknowledgment: True
2024-11-16 17:32:10,693 - root - INFO - Data inserted with acknowledgment: True
2024-11-16 17:32:10,695 - root - INFO - Data inserted with acknowledgment: True
2024-11-16 17:32:10,699 - root - INFO - Data inserted with acknowledgment: True
2024-11-16 17:32:10,704 - root - INFO - Data inserted with acknowledgment: True
2024-11-16 17:32:10,709 - root - INFO - Data inserted with acknowledgment: True
2024-11-16 17:32:10,713 - root - INFO - Data inserted with acknowledgment: True
2024-11-16 17:32:10,717 - root - INFO - Data inserted with acknowledgment: True
2024-11-16 17:32:10,721 - root - INFO - Data inserted with acknowledgment: True
2024-11-16 17:35:06,278 - root - INFO - Connected to MongoDB collection: animals_test
2024-11-16 17:35:06,371 - root - INFO - Data inserted with acknowledgment: True
2024-11-16 17:35:06,376 - root - INFO - Data inserted with acknowledgment: True
2024-11-16 17:35:06,377 - root - INFO - Data inserted with acknowledgment: True
2024-11-16 17:35:06,380 - root - INFO - Data inserted with acknowledgment: True
2024-11-16 17:35:06,380 - root - ERROR - Error occurred during creation: Nothing to save, data parameter is empty
2024-11-16 17:35:06,384 - root - INFO - Data inserted with acknowledgment: True
2024-11-16 17:35:06,389 - root - INFO - Data inserted with acknowledgment: True
2024-11-16 17:35:06,393 - root - INFO - Data inserted with acknowledgment: True
2024-11-16 17:35:06,397 - root - INFO - Data inserted with acknowledgment: True
2024-11-16 17:35:06,399 - root - INFO - Data inserted with acknowledgment: True
2024-11-16 17:35:06,403 - root - INFO - Data inserted with acknowledgment: True
2024-11-16 17:35:06,408 - root - INFO - Data inserted with acknowledgment: True
2024-11-16 17:35:06,412 - root - INFO - Data inserted with acknowledgment: True
2024-11-16 17:35:06,415 - root - INFO - Data inserted with acknowledgment: True
2024-11-16 17:35:06,420 - root - INFO - Data inserted with acknowledgment: True
2024-11-16 17:35:06,424 - root - INFO - Data inserted with acknowledgment: True
2024-11-16 17:37:06,255 - root - INFO - Connected to MongoDB collection: animals_test
2024-11-16 17:37:06,365 - root - INFO - Data inserted with acknowledgment: True
2024-11-16 17:37:06,370 - root - INFO - Data inserted with acknowledgment: True
2024-11-16 17:37:06,371 - root - INFO - Data inserted with acknowledgment: True
2024-11-16 17:37:06,375 - root - INFO - Data inserted with acknowledgment: True
2024-11-16 17:37:06,375 - root - ERROR - Error occurred during creation: Nothing to save, data parameter is empty
2024-11-16 17:37:06,378 - root - INFO - Data inserted with acknowledgment: True
2024-11-16 17:37:06,380 - root - INFO - Delete operation: deleted 1 documents
2024-11-16 17:37:06,383 - root - INFO - Data inserted with acknowledgment: True
2024-11-16 17:37:06,385 - root - INFO - Delete operation: deleted 1 documents
2024-11-16 17:37:06,389 - root - INFO - Data inserted with acknowledgment: True
2024-11-16 17:37:06,390 - root - INFO - Delete operation: deleted 0 documents
2024-11-16 17:37:06,395 - root - INFO - Data inserted with acknowledgment: True
2024-11-16 17:37:06,396 - root - INFO - Data inserted with acknowledgment: True
2024-11-16 17:37:06,400 - root - INFO - Data inserted with acknowledgment: True
2024-11-16 17:37:06,402 - root - INFO - Update operation: matched 1 documents, modified 1 documents
2024-11-16 17:37:06,406 - root - INFO - Data inserted with acknowledgment: True
2024-11-16 17:37:06,406 - root - INFO - Read operation with criteria: {'name': 'Test Animal'}
2024-11-16 17:37:06,412 - root - INFO - Data inserted with acknowledgment: True
2024-11-16 17:37:06,412 - root - INFO - Read operation with criteria: {'name': 'Non Existent Animal'}
2024-11-16 17:37:06,418 - root - INFO - Data inserted with acknowledgment: True
2024-11-16 17:37:06,418 - root - INFO - Read operation with criteria: {'name': 'test animal'}
2024-11-16 17:37:06,424 - root - INFO - Data inserted with acknowledgment: True
2024-11-16 17:37:06,426 - root - INFO - Update operation: matched 1 documents, modified 1 documents
2024-11-16 17:37:06,431 - root - INFO - Data inserted with acknowledgment: True
2024-11-16 17:37:06,433 - root - INFO - Update operation: matched 0 documents, modified 0 documents
2024-11-16 17:39:22,190 - root - INFO - Connected to MongoDB collection: animals_test
2024-11-16 17:39:22,331 - root - INFO - Data inserted with acknowledgment: True
2024-11-16 17:39:22,337 - root - INFO - Data inserted with acknowledgment: True
2024-11-16 17:39:22,340 - root - INFO - Data inserted with acknowledgment: True
2024-11-16 17:39:22,344 - root - INFO - Data inserted with acknowledgment: True
2024-11-16 17:39:22,344 - root - ERROR - Error occurred during creation: Nothing to save, data parameter is empty
2024-11-16 17:39:22,349 - root - INFO - Data inserted with acknowledgment: True
2024-11-16 17:39:22,354 - root - INFO - Data inserted with acknowledgment: True
2024-11-16 17:39:22,360 - root - INFO - Data inserted with acknowledgment: True
2024-11-16 17:39:22,365 - root - INFO - Data inserted with acknowledgment: True
2024-11-16 17:39:22,368 - root - INFO - Data inserted with acknowledgment: True
2024-11-16 17:39:22,372 - root - INFO - Data inserted with acknowledgment: True
2024-11-16 17:39:22,378 - root - INFO - Data inserted with acknowledgment: True
2024-11-16 17:39:22,382 - root - INFO - Data inserted with acknowledgment: True
2024-11-16 17:39:22,387 - root - INFO - Data inserted with acknowledgment: True
2024-11-16 17:39:22,392 - root - INFO - Data inserted with acknowledgment: True
2024-11-16 17:39:22,397 - root - INFO - Data inserted with acknowledgment: True
2024-11-16 17:39:52,384 - root - INFO - Connected to MongoDB collection: animals_test
2024-11-16 17:39:52,479 - root - INFO - Data inserted with acknowledgment: True
2024-11-16 17:39:52,483 - root - INFO - Data inserted with acknowledgment: True
2024-11-16 17:39:52,485 - root - INFO - Data inserted with acknowledgment: True
2024-11-16 17:39:52,489 - root - INFO - Data inserted with acknowledgment: True
2024-11-16 17:39:52,489 - root - ERROR - Error occurred during creation: Nothing to save, data parameter is empty
2024-11-16 17:39:52,492 - root - INFO - Data inserted with acknowledgment: True
2024-11-16 17:39:52,496 - root - INFO - Data inserted with acknowledgment: True
2024-11-16 17:39:52,500 - root - INFO - Data inserted with acknowledgment: True
2024-11-16 17:39:52,505 - root - INFO - Data inserted with acknowledgment: True
2024-11-16 17:39:52,507 - root - INFO - Data inserted with acknowledgment: True
2024-11-16 17:39:52,511 - root - INFO - Data inserted with acknowledgment: True
2024-11-16 17:39:52,515 - root - INFO - Data inserted with acknowledgment: True
2024-11-16 17:39:52,519 - root - INFO - Data inserted with acknowledgment: True
2024-11-16 17:39:52,524 - root - INFO - Data inserted with acknowledgment: True
2024-11-16 17:39:52,529 - root - INFO - Data inserted with acknowledgment: True
2024-11-16 17:39:52,534 - root - INFO - Data inserted with acknowledgment: True
2024-11-16 17:42:14,302 - root - INFO - Connected to MongoDB collection: animals_test
2024-11-16 17:42:14,391 - root - INFO - Data inserted with acknowledgment: True
2024-11-16 17:42:14,395 - root - INFO - Data inserted with acknowledgment: True
2024-11-16 17:42:14,397 - root - INFO - Data inserted with acknowledgment: True
2024-11-16 17:42:14,400 - root - INFO - Data inserted with acknowledgment: True
2024-11-16 17:42:14,400 - root - ERROR - Error occurred during creation: Nothing to save, data parameter is empty
2024-11-16 17:42:14,403 - root - INFO - Data inserted with acknowledgment: True
2024-11-16 17:42:14,405 - root - INFO - Delete operation: deleted 1 documents
2024-11-16 17:42:14,408 - root - INFO - Data inserted with acknowledgment: True
2024-11-16 17:42:14,411 - root - INFO - Delete operation: deleted 1 documents
2024-11-16 17:42:14,414 - root - INFO - Data inserted with acknowledgment: True
2024-11-16 17:42:14,416 - root - INFO - Delete operation: deleted 0 documents
2024-11-16 17:42:14,420 - root - INFO - Data inserted with acknowledgment: True
2024-11-16 17:42:14,422 - root - INFO - Data inserted with acknowledgment: True
2024-11-16 17:42:14,426 - root - INFO - Data inserted with acknowledgment: True
2024-11-16 17:42:14,428 - root - INFO - Update operation: matched 1 documents, modified 1 documents
2024-11-16 17:42:14,432 - root - INFO - Data inserted with acknowledgment: True
2024-11-16 17:42:14,433 - root - INFO - Read operation with criteria: {'name': {'$regex': '^Test Animal$', '$options': 'i'}}
2024-11-16 17:42:14,441 - root - INFO - Data inserted with acknowledgment: True
2024-11-16 17:42:14,441 - root - INFO - Read operation with criteria: {'name': {'$regex': '^Non Existent Animal$', '$options': 'i'}}
2024-11-16 17:42:14,446 - root - INFO - Data inserted with acknowledgment: True
2024-11-16 17:42:14,446 - root - INFO - Read operation with criteria: {'name': {'$regex': '^test animal$', '$options': 'i'}}
2024-11-16 17:42:14,452 - root - INFO - Data inserted with acknowledgment: True
2024-11-16 17:42:14,454 - root - INFO - Update operation: matched 1 documents, modified 1 documents
2024-11-16 17:42:14,459 - root - INFO - Data inserted with acknowledgment: True
2024-11-16 17:42:14,460 - root - INFO - Update operation: matched 0 documents, modified 0 documents
2024-11-16 17:42:24,780 - root - INFO - Connected to MongoDB collection: animals_test
2024-11-16 17:42:24,873 - root - INFO - Data inserted with acknowledgment: True
2024-11-16 17:42:24,878 - root - INFO - Data inserted with acknowledgment: True
2024-11-16 17:42:24,880 - root - INFO - Data inserted with acknowledgment: True
2024-11-16 17:42:24,883 - root - INFO - Data inserted with acknowledgment: True
2024-11-16 17:42:24,883 - root - ERROR - Error occurred during creation: Nothing to save, data parameter is empty
2024-11-16 17:42:24,887 - root - INFO - Data inserted with acknowledgment: True
2024-11-16 17:42:24,888 - root - INFO - Delete operation: deleted 1 documents
2024-11-16 17:42:24,892 - root - INFO - Data inserted with acknowledgment: True
2024-11-16 17:42:24,894 - root - INFO - Delete operation: deleted 1 documents
2024-11-16 17:42:24,897 - root - INFO - Data inserted with acknowledgment: True
2024-11-16 17:42:24,900 - root - INFO - Delete operation: deleted 0 documents
2024-11-16 17:42:24,903 - root - INFO - Data inserted with acknowledgment: True
2024-11-16 17:42:24,905 - root - INFO - Data inserted with acknowledgment: True
2024-11-16 17:42:24,908 - root - INFO - Data inserted with acknowledgment: True
2024-11-16 17:42:24,911 - root - INFO - Update operation: matched 1 documents, modified 1 documents
2024-11-16 17:42:24,914 - root - INFO - Data inserted with acknowledgment: True
2024-11-16 17:42:24,914 - root - INFO - Read operation with criteria: {'name': {'$regex': '^Test Animal$', '$options': 'i'}}
2024-11-16 17:42:24,921 - root - INFO - Data inserted with acknowledgment: True
2024-11-16 17:42:24,921 - root - INFO - Read operation with criteria: {'name': {'$regex': '^Non Existent Animal$', '$options': 'i'}}
2024-11-16 17:42:24,927 - root - INFO - Data inserted with acknowledgment: True
2024-11-16 17:42:24,927 - root - INFO - Read operation with criteria: {'name': {'$regex': '^test animal$', '$options': 'i'}}
2024-11-16 17:42:24,933 - root - INFO - Data inserted with acknowledgment: True
2024-11-16 17:42:24,935 - root - INFO - Update operation: matched 1 documents, modified 1 documents
2024-11-16 17:42:24,939 - root - INFO - Data inserted with acknowledgment: True
2024-11-16 17:42:24,941 - root - INFO - Update operation: matched 0 documents, modified 0 documents
2024-11-17 15:36:29,716 - root - INFO - Connected to MongoDB collection: animals_test
2024-11-17 15:36:29,841 - root - INFO - Data inserted with acknowledgment: True
2024-11-17 15:36:29,851 - root - INFO - Data inserted with acknowledgment: True
2024-11-17 15:36:29,854 - root - INFO - Data inserted with acknowledgment: True
2024-11-17 15:36:29,861 - root - INFO - Data inserted with acknowledgment: True
2024-11-17 15:36:29,861 - root - ERROR - Error occurred during creation: Nothing to save, data parameter is empty
2024-11-17 15:36:29,869 - root - INFO - Data inserted with acknowledgment: True
2024-11-17 15:36:29,872 - root - INFO - Delete operation: deleted 1 documents
2024-11-17 15:36:29,880 - root - INFO - Data inserted with acknowledgment: True
2024-11-17 15:36:29,883 - root - INFO - Delete operation: deleted 1 documents
2024-11-17 15:36:29,890 - root - INFO - Data inserted with acknowledgment: True
2024-11-17 15:36:29,893 - root - INFO - Delete operation: deleted 0 documents
2024-11-17 15:36:29,900 - root - INFO - Data inserted with acknowledgment: True
2024-11-17 15:36:29,903 - root - INFO - Data inserted with acknowledgment: True
2024-11-17 15:36:29,911 - root - INFO - Data inserted with acknowledgment: True
2024-11-17 15:36:29,916 - root - INFO - Update operation: matched 1 documents, modified 1 documents
2024-11-17 15:36:29,924 - root - INFO - Data inserted with acknowledgment: True
2024-11-17 15:36:29,925 - root - INFO - Read operation with criteria: {'name': {'$regex': '^Test Animal$', '$options': 'i'}}
2024-11-17 15:36:29,939 - root - INFO - Data inserted with acknowledgment: True
2024-11-17 15:36:29,940 - root - INFO - Read operation with criteria: {'name': {'$regex': '^Non Existent Animal$', '$options': 'i'}}
2024-11-17 15:36:29,951 - root - INFO - Data inserted with acknowledgment: True
2024-11-17 15:36:29,952 - root - INFO - Read operation with criteria: {'name': {'$regex': '^test animal$', '$options': 'i'}}
2024-11-17 15:36:29,961 - root - INFO - Data inserted with acknowledgment: True
2024-11-17 15:36:29,965 - root - INFO - Update operation: matched 1 documents, modified 1 documents
2024-11-17 15:36:29,972 - root - INFO - Data inserted with acknowledgment: True
2024-11-17 15:36:29,976 - root - INFO - Update operation: matched 0 documents, modified 0 documents
